<?xml version="1.0" encoding="UTF-8"?>
<testsuite name="com.newbiest.CommonActuatorApplicationTests" time="0.009" tests="1" errors="1" skipped="0" failures="0">
  <properties>
[...]
</properties>
  <testcase name="initializationError" classname="com.newbiest.CommonActuatorApplicationTests" time="0.009">
    <error message="Unable to find a @SpringBootConfiguration, you need to use @ContextConfiguration or @SpringBootTest(classes=...) with your test" type="java.lang.IllegalStateException"><![CDATA[java.lang.IllegalStateException: Unable to find a @SpringBootConfiguration, you need to use @ContextConfiguration or @SpringBootTest(classes=...) with your test
	at org.springframework.util.Assert.state(Assert.java:70)
	at org.springframework.boot.test.context.SpringBootTestContextBootstrapper.getOrFindConfigurationClasses(SpringBootTestContextBootstrapper.java:202)
	at org.springframework.boot.test.context.SpringBootTestContextBootstrapper.processMergedContextConfiguration(SpringBootTestContextBootstrapper.java:137)
	at org.springframework.test.context.support.AbstractTestContextBootstrapper.buildMergedContextConfiguration(AbstractTestContextBootstrapper.java:409)
	at org.springframework.test.context.support.AbstractTestContextBootstrapper.buildDefaultMergedContextConfiguration(AbstractTestContextBootstrapper.java:323)
	at org.springframework.test.context.support.AbstractTestContextBootstrapper.buildMergedContextConfiguration(AbstractTestContextBootstrapper.java:277)
	at org.springframework.test.context.support.AbstractTestContextBootstrapper.buildTestContext(AbstractTestContextBootstrapper.java:112)
	at org.springframework.boot.test.context.SpringBootTestContextBootstrapper.buildTestContext(SpringBootTestContextBootstrapper.java:82)
	at org.springframework.test.context.TestContextManager.<init>(TestContextManager.java:120)
	at org.springframework.test.context.TestContextManager.<init>(TestContextManager.java:105)
	at org.springframework.test.context.junit4.SpringJUnit4ClassRunner.createTestContextManager(SpringJUnit4ClassRunner.java:152)
	at org.springframework.test.context.junit4.SpringJUnit4ClassRunner.<init>(SpringJUnit4ClassRunner.java:143)
	at org.springframework.test.context.junit4.SpringRunner.<init>(SpringRunner.java:49)
	at sun.reflect.NativeConstructorAccessorImpl.newInstance0(Native Method)
	at sun.reflect.NativeConstructorAccessorImpl.newInstance(NativeConstructorAccessorImpl.java:62)
	at sun.reflect.DelegatingConstructorAccessorImpl.newInstance(DelegatingConstructorAccessorImpl.java:45)
	at java.lang.reflect.Constructor.newInstance(Constructor.java:423)
	at org.junit.internal.builders.AnnotatedBuilder.buildRunner(AnnotatedBuilder.java:104)
	at org.junit.internal.builders.AnnotatedBuilder.runnerForClass(AnnotatedBuilder.java:86)
	at org.junit.runners.model.RunnerBuilder.safeRunnerForClass(RunnerBuilder.java:59)
	at org.junit.internal.builders.AllDefaultPossibilitiesBuilder.runnerForClass(AllDefaultPossibilitiesBuilder.java:26)
	at org.junit.runners.model.RunnerBuilder.safeRunnerForClass(RunnerBuilder.java:59)
	at org.junit.internal.requests.ClassRequest.getRunner(ClassRequest.java:33)
	at org.apache.maven.surefire.junit4.JUnit4Provider.execute(JUnit4Provider.java:283)
	at org.apache.maven.surefire.junit4.JUnit4Provider.executeWithRerun(JUnit4Provider.java:173)
	at org.apache.maven.surefire.junit4.JUnit4Provider.executeTestSet(JUnit4Provider.java:153)
	at org.apache.maven.surefire.junit4.JUnit4Provider.invoke(JUnit4Provider.java:128)
	at org.apache.maven.surefire.booter.ForkedBooter.invokeProviderInSameClassLoader(ForkedBooter.java:203)
	at org.apache.maven.surefire.booter.ForkedBooter.runSuitesInProcess(ForkedBooter.java:155)
	at org.apache.maven.surefire.booter.ForkedBooter.main(ForkedBooter.java:103)
]]></error>
    <system-out><![CDATA[12:01:20.820 [main] DEBUG org.springframework.test.context.junit4.SpringJUnit4ClassRunner - SpringJUnit4ClassRunner constructor called with [class com.newbiest.CommonActuatorApplicationTests]
12:01:20.826 [main] DEBUG org.springframework.test.context.BootstrapUtils - Instantiating CacheAwareContextLoaderDelegate from class [org.springframework.test.context.cache.DefaultCacheAwareContextLoaderDelegate]
12:01:20.834 [main] DEBUG org.springframework.test.context.BootstrapUtils - Instantiating BootstrapContext using constructor [public org.springframework.test.context.support.DefaultBootstrapContext(java.lang.Class,org.springframework.test.context.CacheAwareContextLoaderDelegate)]
12:01:20.848 [main] DEBUG org.springframework.test.context.BootstrapUtils - Instantiating TestContextBootstrapper for test class [com.newbiest.CommonActuatorApplicationTests] from class [org.springframework.boot.test.context.SpringBootTestContextBootstrapper]
12:01:20.861 [main] INFO org.springframework.boot.test.context.SpringBootTestContextBootstrapper - Neither @ContextConfiguration nor @ContextHierarchy found for test class [com.newbiest.CommonActuatorApplicationTests], using SpringBootContextLoader
12:01:20.864 [main] DEBUG org.springframework.test.context.support.AbstractContextLoader - Did not detect default resource location for test class [com.newbiest.CommonActuatorApplicationTests]: class path resource [com/newbiest/CommonActuatorApplicationTests-context.xml] does not exist
12:01:20.864 [main] DEBUG org.springframework.test.context.support.AbstractContextLoader - Did not detect default resource location for test class [com.newbiest.CommonActuatorApplicationTests]: class path resource [com/newbiest/CommonActuatorApplicationTestsContext.groovy] does not exist
12:01:20.864 [main] INFO org.springframework.test.context.support.AbstractContextLoader - Could not detect default resource locations for test class [com.newbiest.CommonActuatorApplicationTests]: no resource found for suffixes {-context.xml, Context.groovy}.
12:01:20.865 [main] INFO org.springframework.test.context.support.AnnotationConfigContextLoaderUtils - Could not detect default configuration classes for test class [com.newbiest.CommonActuatorApplicationTests]: CommonActuatorApplicationTests does not declare any static, non-private, non-final, nested classes annotated with @Configuration.
12:01:20.895 [main] DEBUG org.springframework.test.context.support.ActiveProfilesUtils - Could not find an 'annotation declaring class' for annotation type [org.springframework.test.context.ActiveProfiles] and class [com.newbiest.CommonActuatorApplicationTests]
12:01:20.902 [main] DEBUG org.springframework.core.env.StandardEnvironment - Adding PropertySource 'systemProperties' with lowest search precedence
12:01:20.902 [main] DEBUG org.springframework.core.env.StandardEnvironment - Adding PropertySource 'systemEnvironment' with lowest search precedence
12:01:20.903 [main] DEBUG org.springframework.core.env.StandardEnvironment - Initialized StandardEnvironment with PropertySources [MapPropertySource@1232306490 {name='systemProperties', properties={idea.version=2017.1.3, java.runtime.name=Java(TM) SE Runtime Environment, sun.boot.library.path=/Library/Java/JavaVirtualMachines/jdk1.8.0_131.jdk/Contents/Home/jre/lib, java.vm.version=25.131-b11, gopherProxySet=false, java.vm.vendor=Oracle Corporation, java.vendor.url=http://java.oracle.com/, path.separator=:, java.vm.name=Java HotSpot(TM) 64-Bit Server VM, file.encoding.pkg=sun.io, user.country=CN, sun.java.launcher=SUN_STANDARD, sun.os.patch.level=unknown, java.vm.specification.name=Java Virtual Machine Specification, user.dir=/Users/apple/Documents/newbiest/newbiest-common-actuator, java.runtime.version=1.8.0_131-b11, basedir=/Users/apple/Documents/newbiest/newbiest-common-actuator, java.awt.graphicsenv=sun.awt.CGraphicsEnvironment, java.endorsed.dirs=/Library/Java/JavaVirtualMachines/jdk1.8.0_131.jdk/Contents/Home/jre/lib/endorsed, os.arch=x86_64, surefire.real.class.path=/Users/apple/Documents/newbiest/newbiest-common-actuator/target/surefire/surefirebooter3053892637323530543.jar, java.io.tmpdir=/var/folders/_3/m2vvcvls5mxf7l9cdbyjckv40000gn/T/, line.separator=
, java.vm.specification.vendor=Oracle Corporation, os.name=Mac OS X, sun.jnu.encoding=UTF-8, java.library.path=/Users/apple/Library/Java/Extensions:/Library/Java/Extensions:/Network/Library/Java/Extensions:/System/Library/Java/Extensions:/usr/lib/java:., surefire.test.class.path=/Users/apple/Documents/newbiest/newbiest-common-actuator/target/test-classes:/Users/apple/Documents/newbiest/newbiest-common-actuator/target/classes:/Users/apple/Desktop/JAVA/respository/org/springframework/boot/spring-boot-starter-actuator/1.5.8.RELEASE/spring-boot-starter-actuator-1.5.8.RELEASE.jar:/Users/apple/Desktop/JAVA/respository/org/springframework/boot/spring-boot-starter/1.5.8.RELEASE/spring-boot-starter-1.5.8.RELEASE.jar:/Users/apple/Desktop/JAVA/respository/org/springframework/boot/spring-boot/1.5.8.RELEASE/spring-boot-1.5.8.RELEASE.jar:/Users/apple/Desktop/JAVA/respository/org/springframework/boot/spring-boot-autoconfigure/1.5.8.RELEASE/spring-boot-autoconfigure-1.5.8.RELEASE.jar:/Users/apple/Desktop/JAVA/respository/org/springframework/boot/spring-boot-starter-logging/1.5.8.RELEASE/spring-boot-starter-logging-1.5.8.RELEASE.jar:/Users/apple/Desktop/JAVA/respository/ch/qos/logback/logback-classic/1.1.11/logback-classic-1.1.11.jar:/Users/apple/Desktop/JAVA/respository/ch/qos/logback/logback-core/1.1.11/logback-core-1.1.11.jar:/Users/apple/Desktop/JAVA/respository/org/slf4j/jcl-over-slf4j/1.7.25/jcl-over-slf4j-1.7.25.jar:/Users/apple/Desktop/JAVA/respository/org/slf4j/jul-to-slf4j/1.7.25/jul-to-slf4j-1.7.25.jar:/Users/apple/Desktop/JAVA/respository/org/slf4j/log4j-over-slf4j/1.7.25/log4j-over-slf4j-1.7.25.jar:/Users/apple/Desktop/JAVA/respository/org/yaml/snakeyaml/1.17/snakeyaml-1.17.jar:/Users/apple/Desktop/JAVA/respository/org/springframework/boot/spring-boot-actuator/1.5.8.RELEASE/spring-boot-actuator-1.5.8.RELEASE.jar:/Users/apple/Desktop/JAVA/respository/com/fasterxml/jackson/core/jackson-databind/2.8.10/jackson-databind-2.8.10.jar:/Users/apple/Desktop/JAVA/respository/com/fasterxml/jackson/core/jackson-annotations/2.8.0/jackson-annotations-2.8.0.jar:/Users/apple/Desktop/JAVA/respository/com/fasterxml/jackson/core/jackson-core/2.8.10/jackson-core-2.8.10.jar:/Users/apple/Desktop/JAVA/respository/org/springframework/spring-context/4.3.12.RELEASE/spring-context-4.3.12.RELEASE.jar:/Users/apple/Desktop/JAVA/respository/org/springframework/spring-aop/4.3.12.RELEASE/spring-aop-4.3.12.RELEASE.jar:/Users/apple/Desktop/JAVA/respository/org/springframework/spring-beans/4.3.12.RELEASE/spring-beans-4.3.12.RELEASE.jar:/Users/apple/Desktop/JAVA/respository/org/springframework/spring-expression/4.3.12.RELEASE/spring-expression-4.3.12.RELEASE.jar:/Users/apple/Desktop/JAVA/respository/org/springframework/boot/spring-boot-starter-test/1.5.8.RELEASE/spring-boot-starter-test-1.5.8.RELEASE.jar:/Users/apple/Desktop/JAVA/respository/org/springframework/boot/spring-boot-test/1.5.8.RELEASE/spring-boot-test-1.5.8.RELEASE.jar:/Users/apple/Desktop/JAVA/respository/org/springframework/boot/spring-boot-test-autoconfigure/1.5.8.RELEASE/spring-boot-test-autoconfigure-1.5.8.RELEASE.jar:/Users/apple/Desktop/JAVA/respository/com/jayway/jsonpath/json-path/2.2.0/json-path-2.2.0.jar:/Users/apple/Desktop/JAVA/respository/net/minidev/json-smart/2.2.1/json-smart-2.2.1.jar:/Users/apple/Desktop/JAVA/respository/net/minidev/accessors-smart/1.1/accessors-smart-1.1.jar:/Users/apple/Desktop/JAVA/respository/org/ow2/asm/asm/5.0.3/asm-5.0.3.jar:/Users/apple/Desktop/JAVA/respository/org/slf4j/slf4j-api/1.7.25/slf4j-api-1.7.25.jar:/Users/apple/Desktop/JAVA/respository/junit/junit/4.12/junit-4.12.jar:/Users/apple/Desktop/JAVA/respository/org/assertj/assertj-core/2.6.0/assertj-core-2.6.0.jar:/Users/apple/Desktop/JAVA/respository/org/mockito/mockito-core/1.10.19/mockito-core-1.10.19.jar:/Users/apple/Desktop/JAVA/respository/org/objenesis/objenesis/2.1/objenesis-2.1.jar:/Users/apple/Desktop/JAVA/respository/org/hamcrest/hamcrest-core/1.3/hamcrest-core-1.3.jar:/Users/apple/Desktop/JAVA/respository/org/hamcrest/hamcrest-library/1.3/hamcrest-library-1.3.jar:/Users/apple/Desktop/JAVA/respository/org/skyscreamer/jsonassert/1.4.0/jsonassert-1.4.0.jar:/Users/apple/Desktop/JAVA/respository/com/vaadin/external/google/android-json/0.0.20131108.vaadin1/android-json-0.0.20131108.vaadin1.jar:/Users/apple/Desktop/JAVA/respository/org/springframework/spring-core/4.3.12.RELEASE/spring-core-4.3.12.RELEASE.jar:/Users/apple/Desktop/JAVA/respository/org/springframework/spring-test/4.3.12.RELEASE/spring-test-4.3.12.RELEASE.jar:/Users/apple/Desktop/JAVA/respository/com/google/guava/guava/23.0/guava-23.0.jar:/Users/apple/Desktop/JAVA/respository/com/google/code/findbugs/jsr305/1.3.9/jsr305-1.3.9.jar:/Users/apple/Desktop/JAVA/respository/com/google/errorprone/error_prone_annotations/2.0.18/error_prone_annotations-2.0.18.jar:/Users/apple/Desktop/JAVA/respository/com/google/j2objc/j2objc-annotations/1.1/j2objc-annotations-1.1.jar:/Users/apple/Desktop/JAVA/respository/org/codehaus/mojo/animal-sniffer-annotations/1.14/animal-sniffer-annotations-1.14.jar:, java.specification.name=Java Platform API Specification, java.class.version=52.0, sun.management.compiler=HotSpot 64-Bit Tiered Compilers, os.version=10.12.5, user.home=/Users/apple, user.timezone=Asia/Shanghai, java.awt.printerjob=sun.lwawt.macosx.CPrinterJob, file.encoding=UTF-8, java.specification.version=1.8, java.class.path=/Users/apple/Documents/newbiest/newbiest-common-actuator/target/test-classes:/Users/apple/Documents/newbiest/newbiest-common-actuator/target/classes:/Users/apple/Desktop/JAVA/respository/org/springframework/boot/spring-boot-starter-actuator/1.5.8.RELEASE/spring-boot-starter-actuator-1.5.8.RELEASE.jar:/Users/apple/Desktop/JAVA/respository/org/springframework/boot/spring-boot-starter/1.5.8.RELEASE/spring-boot-starter-1.5.8.RELEASE.jar:/Users/apple/Desktop/JAVA/respository/org/springframework/boot/spring-boot/1.5.8.RELEASE/spring-boot-1.5.8.RELEASE.jar:/Users/apple/Desktop/JAVA/respository/org/springframework/boot/spring-boot-autoconfigure/1.5.8.RELEASE/spring-boot-autoconfigure-1.5.8.RELEASE.jar:/Users/apple/Desktop/JAVA/respository/org/springframework/boot/spring-boot-starter-logging/1.5.8.RELEASE/spring-boot-starter-logging-1.5.8.RELEASE.jar:/Users/apple/Desktop/JAVA/respository/ch/qos/logback/logback-classic/1.1.11/logback-classic-1.1.11.jar:/Users/apple/Desktop/JAVA/respository/ch/qos/logback/logback-core/1.1.11/logback-core-1.1.11.jar:/Users/apple/Desktop/JAVA/respository/org/slf4j/jcl-over-slf4j/1.7.25/jcl-over-slf4j-1.7.25.jar:/Users/apple/Desktop/JAVA/respository/org/slf4j/jul-to-slf4j/1.7.25/jul-to-slf4j-1.7.25.jar:/Users/apple/Desktop/JAVA/respository/org/slf4j/log4j-over-slf4j/1.7.25/log4j-over-slf4j-1.7.25.jar:/Users/apple/Desktop/JAVA/respository/org/yaml/snakeyaml/1.17/snakeyaml-1.17.jar:/Users/apple/Desktop/JAVA/respository/org/springframework/boot/spring-boot-actuator/1.5.8.RELEASE/spring-boot-actuator-1.5.8.RELEASE.jar:/Users/apple/Desktop/JAVA/respository/com/fasterxml/jackson/core/jackson-databind/2.8.10/jackson-databind-2.8.10.jar:/Users/apple/Desktop/JAVA/respository/com/fasterxml/jackson/core/jackson-annotations/2.8.0/jackson-annotations-2.8.0.jar:/Users/apple/Desktop/JAVA/respository/com/fasterxml/jackson/core/jackson-core/2.8.10/jackson-core-2.8.10.jar:/Users/apple/Desktop/JAVA/respository/org/springframework/spring-context/4.3.12.RELEASE/spring-context-4.3.12.RELEASE.jar:/Users/apple/Desktop/JAVA/respository/org/springframework/spring-aop/4.3.12.RELEASE/spring-aop-4.3.12.RELEASE.jar:/Users/apple/Desktop/JAVA/respository/org/springframework/spring-beans/4.3.12.RELEASE/spring-beans-4.3.12.RELEASE.jar:/Users/apple/Desktop/JAVA/respository/org/springframework/spring-expression/4.3.12.RELEASE/spring-expression-4.3.12.RELEASE.jar:/Users/apple/Desktop/JAVA/respository/org/springframework/boot/spring-boot-starter-test/1.5.8.RELEASE/spring-boot-starter-test-1.5.8.RELEASE.jar:/Users/apple/Desktop/JAVA/respository/org/springframework/boot/spring-boot-test/1.5.8.RELEASE/spring-boot-test-1.5.8.RELEASE.jar:/Users/apple/Desktop/JAVA/respository/org/springframework/boot/spring-boot-test-autoconfigure/1.5.8.RELEASE/spring-boot-test-autoconfigure-1.5.8.RELEASE.jar:/Users/apple/Desktop/JAVA/respository/com/jayway/jsonpath/json-path/2.2.0/json-path-2.2.0.jar:/Users/apple/Desktop/JAVA/respository/net/minidev/json-smart/2.2.1/json-smart-2.2.1.jar:/Users/apple/Desktop/JAVA/respository/net/minidev/accessors-smart/1.1/accessors-smart-1.1.jar:/Users/apple/Desktop/JAVA/respository/org/ow2/asm/asm/5.0.3/asm-5.0.3.jar:/Users/apple/Desktop/JAVA/respository/org/slf4j/slf4j-api/1.7.25/slf4j-api-1.7.25.jar:/Users/apple/Desktop/JAVA/respository/junit/junit/4.12/junit-4.12.jar:/Users/apple/Desktop/JAVA/respository/org/assertj/assertj-core/2.6.0/assertj-core-2.6.0.jar:/Users/apple/Desktop/JAVA/respository/org/mockito/mockito-core/1.10.19/mockito-core-1.10.19.jar:/Users/apple/Desktop/JAVA/respository/org/objenesis/objenesis/2.1/objenesis-2.1.jar:/Users/apple/Desktop/JAVA/respository/org/hamcrest/hamcrest-core/1.3/hamcrest-core-1.3.jar:/Users/apple/Desktop/JAVA/respository/org/hamcrest/hamcrest-library/1.3/hamcrest-library-1.3.jar:/Users/apple/Desktop/JAVA/respository/org/skyscreamer/jsonassert/1.4.0/jsonassert-1.4.0.jar:/Users/apple/Desktop/JAVA/respository/com/vaadin/external/google/android-json/0.0.20131108.vaadin1/android-json-0.0.20131108.vaadin1.jar:/Users/apple/Desktop/JAVA/respository/org/springframework/spring-core/4.3.12.RELEASE/spring-core-4.3.12.RELEASE.jar:/Users/apple/Desktop/JAVA/respository/org/springframework/spring-test/4.3.12.RELEASE/spring-test-4.3.12.RELEASE.jar:/Users/apple/Desktop/JAVA/respository/com/google/guava/guava/23.0/guava-23.0.jar:/Users/apple/Desktop/JAVA/respository/com/google/code/findbugs/jsr305/1.3.9/jsr305-1.3.9.jar:/Users/apple/Desktop/JAVA/respository/com/google/errorprone/error_prone_annotations/2.0.18/error_prone_annotations-2.0.18.jar:/Users/apple/Desktop/JAVA/respository/com/google/j2objc/j2objc-annotations/1.1/j2objc-annotations-1.1.jar:/Users/apple/Desktop/JAVA/respository/org/codehaus/mojo/animal-sniffer-annotations/1.14/animal-sniffer-annotations-1.14.jar:, user.name=guoxunbo, java.vm.specification.version=1.8, sun.java.command=/Users/apple/Documents/newbiest/newbiest-common-actuator/target/surefire/surefirebooter3053892637323530543.jar /Users/apple/Documents/newbiest/newbiest-common-actuator/target/surefire/surefire1491560706589657798tmp /Users/apple/Documents/newbiest/newbiest-common-actuator/target/surefire/surefire_05343311738174030202tmp, java.home=/Library/Java/JavaVirtualMachines/jdk1.8.0_131.jdk/Contents/Home/jre, sun.arch.data.model=64, user.language=zh, java.specification.vendor=Oracle Corporation, awt.toolkit=sun.lwawt.macosx.LWCToolkit, java.vm.info=mixed mode, java.version=1.8.0_131, java.ext.dirs=/Users/apple/Library/Java/Extensions:/Library/Java/JavaVirtualMachines/jdk1.8.0_131.jdk/Contents/Home/jre/lib/ext:/Library/Java/Extensions:/Network/Library/Java/Extensions:/System/Library/Java/Extensions:/usr/lib/java, sun.boot.class.path=/Library/Java/JavaVirtualMachines/jdk1.8.0_131.jdk/Contents/Home/jre/lib/resources.jar:/Library/Java/JavaVirtualMachines/jdk1.8.0_131.jdk/Contents/Home/jre/lib/rt.jar:/Library/Java/JavaVirtualMachines/jdk1.8.0_131.jdk/Contents/Home/jre/lib/sunrsasign.jar:/Library/Java/JavaVirtualMachines/jdk1.8.0_131.jdk/Contents/Home/jre/lib/jsse.jar:/Library/Java/JavaVirtualMachines/jdk1.8.0_131.jdk/Contents/Home/jre/lib/jce.jar:/Library/Java/JavaVirtualMachines/jdk1.8.0_131.jdk/Contents/Home/jre/lib/charsets.jar:/Library/Java/JavaVirtualMachines/jdk1.8.0_131.jdk/Contents/Home/jre/lib/jfr.jar:/Library/Java/JavaVirtualMachines/jdk1.8.0_131.jdk/Contents/Home/jre/classes, java.vendor=Oracle Corporation, localRepository=/Users/apple/Desktop/JAVA/respository, file.separator=/, java.vendor.url.bug=http://bugreport.sun.com/bugreport/, sun.io.unicode.encoding=UnicodeBig, sun.cpu.endian=little, sun.cpu.isalist=}}, SystemEnvironmentPropertySource@1663166483 {name='systemEnvironment', properties={PATH=/usr/local/bin:/usr/bin:/bin:/usr/sbin:/sbin:/Users/apple/Desktop/JAVA/apache-ant-1.9.6/bin:/Users/apple/Desktop/JAVA/apache-maven-3.5.0/bin:/Library/Java/JavaVirtualMachines/jdk1.8.0_131.jdk/Contents/Home/bin:/Users/apple/tibco/tibrv/8.4/bin, SHELL=/bin/bash, JAVA_MAIN_CLASS_5543=org.apache.maven.surefire.booter.ForkedBooter, JAVA_HOME=/Library/Java/JavaVirtualMachines/jdk1.8.0_131.jdk/Contents/Home, OLDPWD=/Users/apple/Documents/newbiest/newbiest-common-actuator, VERSIONER_PYTHON_PREFER_32_BIT=no, USER=guoxunbo, TMPDIR=/var/folders/_3/m2vvcvls5mxf7l9cdbyjckv40000gn/T/, SSH_AUTH_SOCK=/private/tmp/com.apple.launchd.F09WaNrB2w/Listeners, ANT_HOME=/Users/apple/Desktop/JAVA/apache-ant-1.9.6, XPC_FLAGS=0x0, MAVEN_HOME=/Users/apple/Desktop/JAVA/apache-maven-3.5.0, VERSIONER_PYTHON_VERSION=2.7, JAVA_MAIN_CLASS_5536=org.codehaus.classworlds.Launcher, __CF_USER_TEXT_ENCODING=0x1F5:0x19:0x34, Apple_PubSub_Socket_Render=/private/tmp/com.apple.launchd.2qpkyGKBlk/Render, LOGNAME=guoxunbo, SHLIB_PATH=/Users/apple/tibco/tibrv/8.4/lib, LC_CTYPE=zh_CN.UTF-8, XPC_SERVICE_NAME=0, PWD=/Users/apple/Documents/newbiest/newbiest-common-actuator, HOME=/Users/apple, SHLVL=1, _=/Library/Java/JavaVirtualMachines/jdk1.8.0_131.jdk/Contents/Home/jre/bin/java}}]
12:01:20.912 [main] DEBUG org.springframework.core.io.support.PathMatchingResourcePatternResolver - Resolved classpath location [com/newbiest/] to resources [URL [file:/Users/apple/Documents/newbiest/newbiest-common-actuator/target/test-classes/com/newbiest/], URL [file:/Users/apple/Documents/newbiest/newbiest-common-actuator/target/classes/com/newbiest/]]
12:01:20.913 [main] DEBUG org.springframework.core.io.support.PathMatchingResourcePatternResolver - Looking for matching resources in directory tree [/Users/apple/Documents/newbiest/newbiest-common-actuator/target/test-classes/com/newbiest]
12:01:20.913 [main] DEBUG org.springframework.core.io.support.PathMatchingResourcePatternResolver - Searching directory [/Users/apple/Documents/newbiest/newbiest-common-actuator/target/test-classes/com/newbiest] for files matching pattern [/Users/apple/Documents/newbiest/newbiest-common-actuator/target/test-classes/com/newbiest/*.class]
12:01:20.915 [main] DEBUG org.springframework.core.io.support.PathMatchingResourcePatternResolver - Looking for matching resources in directory tree [/Users/apple/Documents/newbiest/newbiest-common-actuator/target/classes/com/newbiest]
12:01:20.915 [main] DEBUG org.springframework.core.io.support.PathMatchingResourcePatternResolver - Searching directory [/Users/apple/Documents/newbiest/newbiest-common-actuator/target/classes/com/newbiest] for files matching pattern [/Users/apple/Documents/newbiest/newbiest-common-actuator/target/classes/com/newbiest/*.class]
12:01:20.916 [main] DEBUG org.springframework.core.io.support.PathMatchingResourcePatternResolver - Resolved location pattern [classpath*:com/newbiest/*.class] to resources [file [/Users/apple/Documents/newbiest/newbiest-common-actuator/target/test-classes/com/newbiest/CommonActuatorApplicationTests.class]]
12:01:20.929 [main] DEBUG org.springframework.core.io.support.PathMatchingResourcePatternResolver - Resolved classpath location [com/] to resources [URL [jar:file:/System/Library/Java/Extensions/MRJToolkit.jar!/com/], URL [file:/Users/apple/Documents/newbiest/newbiest-common-actuator/target/test-classes/com/], URL [file:/Users/apple/Documents/newbiest/newbiest-common-actuator/target/classes/com/], URL [jar:file:/Users/apple/Desktop/JAVA/respository/com/fasterxml/jackson/core/jackson-databind/2.8.10/jackson-databind-2.8.10.jar!/com/], URL [jar:file:/Users/apple/Desktop/JAVA/respository/com/fasterxml/jackson/core/jackson-annotations/2.8.0/jackson-annotations-2.8.0.jar!/com/], URL [jar:file:/Users/apple/Desktop/JAVA/respository/com/fasterxml/jackson/core/jackson-core/2.8.10/jackson-core-2.8.10.jar!/com/], URL [jar:file:/Users/apple/Desktop/JAVA/respository/com/jayway/jsonpath/json-path/2.2.0/json-path-2.2.0.jar!/com/], URL [jar:file:/Users/apple/Desktop/JAVA/respository/com/google/guava/guava/23.0/guava-23.0.jar!/com/], URL [jar:file:/Users/apple/Desktop/JAVA/respository/com/google/errorprone/error_prone_annotations/2.0.18/error_prone_annotations-2.0.18.jar!/com/], URL [jar:file:/Users/apple/Desktop/JAVA/respository/com/google/j2objc/j2objc-annotations/1.1/j2objc-annotations-1.1.jar!/com/]]
12:01:20.930 [main] DEBUG org.springframework.core.io.support.PathMatchingResourcePatternResolver - Looking for matching resources in jar file [file:/System/Library/Java/Extensions/MRJToolkit.jar]
12:01:20.930 [main] DEBUG org.springframework.core.io.support.PathMatchingResourcePatternResolver - Looking for matching resources in directory tree [/Users/apple/Documents/newbiest/newbiest-common-actuator/target/test-classes/com]
12:01:20.930 [main] DEBUG org.springframework.core.io.support.PathMatchingResourcePatternResolver - Searching directory [/Users/apple/Documents/newbiest/newbiest-common-actuator/target/test-classes/com] for files matching pattern [/Users/apple/Documents/newbiest/newbiest-common-actuator/target/test-classes/com/*.class]
12:01:20.931 [main] DEBUG org.springframework.core.io.support.PathMatchingResourcePatternResolver - Looking for matching resources in directory tree [/Users/apple/Documents/newbiest/newbiest-common-actuator/target/classes/com]
12:01:20.931 [main] DEBUG org.springframework.core.io.support.PathMatchingResourcePatternResolver - Searching directory [/Users/apple/Documents/newbiest/newbiest-common-actuator/target/classes/com] for files matching pattern [/Users/apple/Documents/newbiest/newbiest-common-actuator/target/classes/com/*.class]
12:01:20.931 [main] DEBUG org.springframework.core.io.support.PathMatchingResourcePatternResolver - Looking for matching resources in jar file [file:/Users/apple/Desktop/JAVA/respository/com/fasterxml/jackson/core/jackson-databind/2.8.10/jackson-databind-2.8.10.jar]
12:01:20.940 [main] DEBUG org.springframework.core.io.support.PathMatchingResourcePatternResolver - Looking for matching resources in jar file [file:/Users/apple/Desktop/JAVA/respository/com/fasterxml/jackson/core/jackson-annotations/2.8.0/jackson-annotations-2.8.0.jar]
12:01:20.941 [main] DEBUG org.springframework.core.io.support.PathMatchingResourcePatternResolver - Looking for matching resources in jar file [file:/Users/apple/Desktop/JAVA/respository/com/fasterxml/jackson/core/jackson-core/2.8.10/jackson-core-2.8.10.jar]
12:01:20.944 [main] DEBUG org.springframework.core.io.support.PathMatchingResourcePatternResolver - Looking for matching resources in jar file [file:/Users/apple/Desktop/JAVA/respository/com/jayway/jsonpath/json-path/2.2.0/json-path-2.2.0.jar]
12:01:20.945 [main] DEBUG org.springframework.core.io.support.PathMatchingResourcePatternResolver - Looking for matching resources in jar file [file:/Users/apple/Desktop/JAVA/respository/com/google/guava/guava/23.0/guava-23.0.jar]
12:01:20.955 [main] DEBUG org.springframework.core.io.support.PathMatchingResourcePatternResolver - Looking for matching resources in jar file [file:/Users/apple/Desktop/JAVA/respository/com/google/errorprone/error_prone_annotations/2.0.18/error_prone_annotations-2.0.18.jar]
12:01:20.955 [main] DEBUG org.springframework.core.io.support.PathMatchingResourcePatternResolver - Looking for matching resources in jar file [file:/Users/apple/Desktop/JAVA/respository/com/google/j2objc/j2objc-annotations/1.1/j2objc-annotations-1.1.jar]
12:01:20.955 [main] DEBUG org.springframework.core.io.support.PathMatchingResourcePatternResolver - Resolved location pattern [classpath*:com/*.class] to resources []
12:01:20.959 [main] DEBUG org.springframework.test.context.junit4.SpringJUnit4ClassRunner - SpringJUnit4ClassRunner constructor called with [class com.newbiest.CommonActuatorApplicationTests]
12:01:20.959 [main] DEBUG org.springframework.test.context.BootstrapUtils - Instantiating CacheAwareContextLoaderDelegate from class [org.springframework.test.context.cache.DefaultCacheAwareContextLoaderDelegate]
12:01:20.960 [main] DEBUG org.springframework.test.context.BootstrapUtils - Instantiating BootstrapContext using constructor [public org.springframework.test.context.support.DefaultBootstrapContext(java.lang.Class,org.springframework.test.context.CacheAwareContextLoaderDelegate)]
12:01:20.960 [main] DEBUG org.springframework.test.context.BootstrapUtils - Instantiating TestContextBootstrapper for test class [com.newbiest.CommonActuatorApplicationTests] from class [org.springframework.boot.test.context.SpringBootTestContextBootstrapper]
12:01:20.960 [main] INFO org.springframework.boot.test.context.SpringBootTestContextBootstrapper - Neither @ContextConfiguration nor @ContextHierarchy found for test class [com.newbiest.CommonActuatorApplicationTests], using SpringBootContextLoader
12:01:20.961 [main] DEBUG org.springframework.test.context.support.AbstractContextLoader - Did not detect default resource location for test class [com.newbiest.CommonActuatorApplicationTests]: class path resource [com/newbiest/CommonActuatorApplicationTests-context.xml] does not exist
12:01:20.961 [main] DEBUG org.springframework.test.context.support.AbstractContextLoader - Did not detect default resource location for test class [com.newbiest.CommonActuatorApplicationTests]: class path resource [com/newbiest/CommonActuatorApplicationTestsContext.groovy] does not exist
12:01:20.961 [main] INFO org.springframework.test.context.support.AbstractContextLoader - Could not detect default resource locations for test class [com.newbiest.CommonActuatorApplicationTests]: no resource found for suffixes {-context.xml, Context.groovy}.
12:01:20.962 [main] INFO org.springframework.test.context.support.AnnotationConfigContextLoaderUtils - Could not detect default configuration classes for test class [com.newbiest.CommonActuatorApplicationTests]: CommonActuatorApplicationTests does not declare any static, non-private, non-final, nested classes annotated with @Configuration.
12:01:20.968 [main] DEBUG org.springframework.test.context.support.ActiveProfilesUtils - Could not find an 'annotation declaring class' for annotation type [org.springframework.test.context.ActiveProfiles] and class [com.newbiest.CommonActuatorApplicationTests]
12:01:20.968 [main] DEBUG org.springframework.core.env.StandardEnvironment - Adding PropertySource 'systemProperties' with lowest search precedence
12:01:20.968 [main] DEBUG org.springframework.core.env.StandardEnvironment - Adding PropertySource 'systemEnvironment' with lowest search precedence
12:01:20.968 [main] DEBUG org.springframework.core.env.StandardEnvironment - Initialized StandardEnvironment with PropertySources [MapPropertySource@1489069835 {name='systemProperties', properties={idea.version=2017.1.3, java.runtime.name=Java(TM) SE Runtime Environment, sun.boot.library.path=/Library/Java/JavaVirtualMachines/jdk1.8.0_131.jdk/Contents/Home/jre/lib, java.vm.version=25.131-b11, gopherProxySet=false, java.vm.vendor=Oracle Corporation, java.vendor.url=http://java.oracle.com/, path.separator=:, java.vm.name=Java HotSpot(TM) 64-Bit Server VM, file.encoding.pkg=sun.io, user.country=CN, sun.java.launcher=SUN_STANDARD, sun.os.patch.level=unknown, java.vm.specification.name=Java Virtual Machine Specification, user.dir=/Users/apple/Documents/newbiest/newbiest-common-actuator, java.runtime.version=1.8.0_131-b11, basedir=/Users/apple/Documents/newbiest/newbiest-common-actuator, java.awt.graphicsenv=sun.awt.CGraphicsEnvironment, java.endorsed.dirs=/Library/Java/JavaVirtualMachines/jdk1.8.0_131.jdk/Contents/Home/jre/lib/endorsed, os.arch=x86_64, surefire.real.class.path=/Users/apple/Documents/newbiest/newbiest-common-actuator/target/surefire/surefirebooter3053892637323530543.jar, java.io.tmpdir=/var/folders/_3/m2vvcvls5mxf7l9cdbyjckv40000gn/T/, line.separator=
, java.vm.specification.vendor=Oracle Corporation, os.name=Mac OS X, sun.jnu.encoding=UTF-8, java.library.path=/Users/apple/Library/Java/Extensions:/Library/Java/Extensions:/Network/Library/Java/Extensions:/System/Library/Java/Extensions:/usr/lib/java:., surefire.test.class.path=/Users/apple/Documents/newbiest/newbiest-common-actuator/target/test-classes:/Users/apple/Documents/newbiest/newbiest-common-actuator/target/classes:/Users/apple/Desktop/JAVA/respository/org/springframework/boot/spring-boot-starter-actuator/1.5.8.RELEASE/spring-boot-starter-actuator-1.5.8.RELEASE.jar:/Users/apple/Desktop/JAVA/respository/org/springframework/boot/spring-boot-starter/1.5.8.RELEASE/spring-boot-starter-1.5.8.RELEASE.jar:/Users/apple/Desktop/JAVA/respository/org/springframework/boot/spring-boot/1.5.8.RELEASE/spring-boot-1.5.8.RELEASE.jar:/Users/apple/Desktop/JAVA/respository/org/springframework/boot/spring-boot-autoconfigure/1.5.8.RELEASE/spring-boot-autoconfigure-1.5.8.RELEASE.jar:/Users/apple/Desktop/JAVA/respository/org/springframework/boot/spring-boot-starter-logging/1.5.8.RELEASE/spring-boot-starter-logging-1.5.8.RELEASE.jar:/Users/apple/Desktop/JAVA/respository/ch/qos/logback/logback-classic/1.1.11/logback-classic-1.1.11.jar:/Users/apple/Desktop/JAVA/respository/ch/qos/logback/logback-core/1.1.11/logback-core-1.1.11.jar:/Users/apple/Desktop/JAVA/respository/org/slf4j/jcl-over-slf4j/1.7.25/jcl-over-slf4j-1.7.25.jar:/Users/apple/Desktop/JAVA/respository/org/slf4j/jul-to-slf4j/1.7.25/jul-to-slf4j-1.7.25.jar:/Users/apple/Desktop/JAVA/respository/org/slf4j/log4j-over-slf4j/1.7.25/log4j-over-slf4j-1.7.25.jar:/Users/apple/Desktop/JAVA/respository/org/yaml/snakeyaml/1.17/snakeyaml-1.17.jar:/Users/apple/Desktop/JAVA/respository/org/springframework/boot/spring-boot-actuator/1.5.8.RELEASE/spring-boot-actuator-1.5.8.RELEASE.jar:/Users/apple/Desktop/JAVA/respository/com/fasterxml/jackson/core/jackson-databind/2.8.10/jackson-databind-2.8.10.jar:/Users/apple/Desktop/JAVA/respository/com/fasterxml/jackson/core/jackson-annotations/2.8.0/jackson-annotations-2.8.0.jar:/Users/apple/Desktop/JAVA/respository/com/fasterxml/jackson/core/jackson-core/2.8.10/jackson-core-2.8.10.jar:/Users/apple/Desktop/JAVA/respository/org/springframework/spring-context/4.3.12.RELEASE/spring-context-4.3.12.RELEASE.jar:/Users/apple/Desktop/JAVA/respository/org/springframework/spring-aop/4.3.12.RELEASE/spring-aop-4.3.12.RELEASE.jar:/Users/apple/Desktop/JAVA/respository/org/springframework/spring-beans/4.3.12.RELEASE/spring-beans-4.3.12.RELEASE.jar:/Users/apple/Desktop/JAVA/respository/org/springframework/spring-expression/4.3.12.RELEASE/spring-expression-4.3.12.RELEASE.jar:/Users/apple/Desktop/JAVA/respository/org/springframework/boot/spring-boot-starter-test/1.5.8.RELEASE/spring-boot-starter-test-1.5.8.RELEASE.jar:/Users/apple/Desktop/JAVA/respository/org/springframework/boot/spring-boot-test/1.5.8.RELEASE/spring-boot-test-1.5.8.RELEASE.jar:/Users/apple/Desktop/JAVA/respository/org/springframework/boot/spring-boot-test-autoconfigure/1.5.8.RELEASE/spring-boot-test-autoconfigure-1.5.8.RELEASE.jar:/Users/apple/Desktop/JAVA/respository/com/jayway/jsonpath/json-path/2.2.0/json-path-2.2.0.jar:/Users/apple/Desktop/JAVA/respository/net/minidev/json-smart/2.2.1/json-smart-2.2.1.jar:/Users/apple/Desktop/JAVA/respository/net/minidev/accessors-smart/1.1/accessors-smart-1.1.jar:/Users/apple/Desktop/JAVA/respository/org/ow2/asm/asm/5.0.3/asm-5.0.3.jar:/Users/apple/Desktop/JAVA/respository/org/slf4j/slf4j-api/1.7.25/slf4j-api-1.7.25.jar:/Users/apple/Desktop/JAVA/respository/junit/junit/4.12/junit-4.12.jar:/Users/apple/Desktop/JAVA/respository/org/assertj/assertj-core/2.6.0/assertj-core-2.6.0.jar:/Users/apple/Desktop/JAVA/respository/org/mockito/mockito-core/1.10.19/mockito-core-1.10.19.jar:/Users/apple/Desktop/JAVA/respository/org/objenesis/objenesis/2.1/objenesis-2.1.jar:/Users/apple/Desktop/JAVA/respository/org/hamcrest/hamcrest-core/1.3/hamcrest-core-1.3.jar:/Users/apple/Desktop/JAVA/respository/org/hamcrest/hamcrest-library/1.3/hamcrest-library-1.3.jar:/Users/apple/Desktop/JAVA/respository/org/skyscreamer/jsonassert/1.4.0/jsonassert-1.4.0.jar:/Users/apple/Desktop/JAVA/respository/com/vaadin/external/google/android-json/0.0.20131108.vaadin1/android-json-0.0.20131108.vaadin1.jar:/Users/apple/Desktop/JAVA/respository/org/springframework/spring-core/4.3.12.RELEASE/spring-core-4.3.12.RELEASE.jar:/Users/apple/Desktop/JAVA/respository/org/springframework/spring-test/4.3.12.RELEASE/spring-test-4.3.12.RELEASE.jar:/Users/apple/Desktop/JAVA/respository/com/google/guava/guava/23.0/guava-23.0.jar:/Users/apple/Desktop/JAVA/respository/com/google/code/findbugs/jsr305/1.3.9/jsr305-1.3.9.jar:/Users/apple/Desktop/JAVA/respository/com/google/errorprone/error_prone_annotations/2.0.18/error_prone_annotations-2.0.18.jar:/Users/apple/Desktop/JAVA/respository/com/google/j2objc/j2objc-annotations/1.1/j2objc-annotations-1.1.jar:/Users/apple/Desktop/JAVA/respository/org/codehaus/mojo/animal-sniffer-annotations/1.14/animal-sniffer-annotations-1.14.jar:, java.specification.name=Java Platform API Specification, java.class.version=52.0, sun.management.compiler=HotSpot 64-Bit Tiered Compilers, os.version=10.12.5, user.home=/Users/apple, user.timezone=Asia/Shanghai, java.awt.printerjob=sun.lwawt.macosx.CPrinterJob, file.encoding=UTF-8, java.specification.version=1.8, java.class.path=/Users/apple/Documents/newbiest/newbiest-common-actuator/target/test-classes:/Users/apple/Documents/newbiest/newbiest-common-actuator/target/classes:/Users/apple/Desktop/JAVA/respository/org/springframework/boot/spring-boot-starter-actuator/1.5.8.RELEASE/spring-boot-starter-actuator-1.5.8.RELEASE.jar:/Users/apple/Desktop/JAVA/respository/org/springframework/boot/spring-boot-starter/1.5.8.RELEASE/spring-boot-starter-1.5.8.RELEASE.jar:/Users/apple/Desktop/JAVA/respository/org/springframework/boot/spring-boot/1.5.8.RELEASE/spring-boot-1.5.8.RELEASE.jar:/Users/apple/Desktop/JAVA/respository/org/springframework/boot/spring-boot-autoconfigure/1.5.8.RELEASE/spring-boot-autoconfigure-1.5.8.RELEASE.jar:/Users/apple/Desktop/JAVA/respository/org/springframework/boot/spring-boot-starter-logging/1.5.8.RELEASE/spring-boot-starter-logging-1.5.8.RELEASE.jar:/Users/apple/Desktop/JAVA/respository/ch/qos/logback/logback-classic/1.1.11/logback-classic-1.1.11.jar:/Users/apple/Desktop/JAVA/respository/ch/qos/logback/logback-core/1.1.11/logback-core-1.1.11.jar:/Users/apple/Desktop/JAVA/respository/org/slf4j/jcl-over-slf4j/1.7.25/jcl-over-slf4j-1.7.25.jar:/Users/apple/Desktop/JAVA/respository/org/slf4j/jul-to-slf4j/1.7.25/jul-to-slf4j-1.7.25.jar:/Users/apple/Desktop/JAVA/respository/org/slf4j/log4j-over-slf4j/1.7.25/log4j-over-slf4j-1.7.25.jar:/Users/apple/Desktop/JAVA/respository/org/yaml/snakeyaml/1.17/snakeyaml-1.17.jar:/Users/apple/Desktop/JAVA/respository/org/springframework/boot/spring-boot-actuator/1.5.8.RELEASE/spring-boot-actuator-1.5.8.RELEASE.jar:/Users/apple/Desktop/JAVA/respository/com/fasterxml/jackson/core/jackson-databind/2.8.10/jackson-databind-2.8.10.jar:/Users/apple/Desktop/JAVA/respository/com/fasterxml/jackson/core/jackson-annotations/2.8.0/jackson-annotations-2.8.0.jar:/Users/apple/Desktop/JAVA/respository/com/fasterxml/jackson/core/jackson-core/2.8.10/jackson-core-2.8.10.jar:/Users/apple/Desktop/JAVA/respository/org/springframework/spring-context/4.3.12.RELEASE/spring-context-4.3.12.RELEASE.jar:/Users/apple/Desktop/JAVA/respository/org/springframework/spring-aop/4.3.12.RELEASE/spring-aop-4.3.12.RELEASE.jar:/Users/apple/Desktop/JAVA/respository/org/springframework/spring-beans/4.3.12.RELEASE/spring-beans-4.3.12.RELEASE.jar:/Users/apple/Desktop/JAVA/respository/org/springframework/spring-expression/4.3.12.RELEASE/spring-expression-4.3.12.RELEASE.jar:/Users/apple/Desktop/JAVA/respository/org/springframework/boot/spring-boot-starter-test/1.5.8.RELEASE/spring-boot-starter-test-1.5.8.RELEASE.jar:/Users/apple/Desktop/JAVA/respository/org/springframework/boot/spring-boot-test/1.5.8.RELEASE/spring-boot-test-1.5.8.RELEASE.jar:/Users/apple/Desktop/JAVA/respository/org/springframework/boot/spring-boot-test-autoconfigure/1.5.8.RELEASE/spring-boot-test-autoconfigure-1.5.8.RELEASE.jar:/Users/apple/Desktop/JAVA/respository/com/jayway/jsonpath/json-path/2.2.0/json-path-2.2.0.jar:/Users/apple/Desktop/JAVA/respository/net/minidev/json-smart/2.2.1/json-smart-2.2.1.jar:/Users/apple/Desktop/JAVA/respository/net/minidev/accessors-smart/1.1/accessors-smart-1.1.jar:/Users/apple/Desktop/JAVA/respository/org/ow2/asm/asm/5.0.3/asm-5.0.3.jar:/Users/apple/Desktop/JAVA/respository/org/slf4j/slf4j-api/1.7.25/slf4j-api-1.7.25.jar:/Users/apple/Desktop/JAVA/respository/junit/junit/4.12/junit-4.12.jar:/Users/apple/Desktop/JAVA/respository/org/assertj/assertj-core/2.6.0/assertj-core-2.6.0.jar:/Users/apple/Desktop/JAVA/respository/org/mockito/mockito-core/1.10.19/mockito-core-1.10.19.jar:/Users/apple/Desktop/JAVA/respository/org/objenesis/objenesis/2.1/objenesis-2.1.jar:/Users/apple/Desktop/JAVA/respository/org/hamcrest/hamcrest-core/1.3/hamcrest-core-1.3.jar:/Users/apple/Desktop/JAVA/respository/org/hamcrest/hamcrest-library/1.3/hamcrest-library-1.3.jar:/Users/apple/Desktop/JAVA/respository/org/skyscreamer/jsonassert/1.4.0/jsonassert-1.4.0.jar:/Users/apple/Desktop/JAVA/respository/com/vaadin/external/google/android-json/0.0.20131108.vaadin1/android-json-0.0.20131108.vaadin1.jar:/Users/apple/Desktop/JAVA/respository/org/springframework/spring-core/4.3.12.RELEASE/spring-core-4.3.12.RELEASE.jar:/Users/apple/Desktop/JAVA/respository/org/springframework/spring-test/4.3.12.RELEASE/spring-test-4.3.12.RELEASE.jar:/Users/apple/Desktop/JAVA/respository/com/google/guava/guava/23.0/guava-23.0.jar:/Users/apple/Desktop/JAVA/respository/com/google/code/findbugs/jsr305/1.3.9/jsr305-1.3.9.jar:/Users/apple/Desktop/JAVA/respository/com/google/errorprone/error_prone_annotations/2.0.18/error_prone_annotations-2.0.18.jar:/Users/apple/Desktop/JAVA/respository/com/google/j2objc/j2objc-annotations/1.1/j2objc-annotations-1.1.jar:/Users/apple/Desktop/JAVA/respository/org/codehaus/mojo/animal-sniffer-annotations/1.14/animal-sniffer-annotations-1.14.jar:, user.name=guoxunbo, java.vm.specification.version=1.8, sun.java.command=/Users/apple/Documents/newbiest/newbiest-common-actuator/target/surefire/surefirebooter3053892637323530543.jar /Users/apple/Documents/newbiest/newbiest-common-actuator/target/surefire/surefire1491560706589657798tmp /Users/apple/Documents/newbiest/newbiest-common-actuator/target/surefire/surefire_05343311738174030202tmp, java.home=/Library/Java/JavaVirtualMachines/jdk1.8.0_131.jdk/Contents/Home/jre, sun.arch.data.model=64, user.language=zh, java.specification.vendor=Oracle Corporation, awt.toolkit=sun.lwawt.macosx.LWCToolkit, java.vm.info=mixed mode, java.version=1.8.0_131, java.ext.dirs=/Users/apple/Library/Java/Extensions:/Library/Java/JavaVirtualMachines/jdk1.8.0_131.jdk/Contents/Home/jre/lib/ext:/Library/Java/Extensions:/Network/Library/Java/Extensions:/System/Library/Java/Extensions:/usr/lib/java, sun.boot.class.path=/Library/Java/JavaVirtualMachines/jdk1.8.0_131.jdk/Contents/Home/jre/lib/resources.jar:/Library/Java/JavaVirtualMachines/jdk1.8.0_131.jdk/Contents/Home/jre/lib/rt.jar:/Library/Java/JavaVirtualMachines/jdk1.8.0_131.jdk/Contents/Home/jre/lib/sunrsasign.jar:/Library/Java/JavaVirtualMachines/jdk1.8.0_131.jdk/Contents/Home/jre/lib/jsse.jar:/Library/Java/JavaVirtualMachines/jdk1.8.0_131.jdk/Contents/Home/jre/lib/jce.jar:/Library/Java/JavaVirtualMachines/jdk1.8.0_131.jdk/Contents/Home/jre/lib/charsets.jar:/Library/Java/JavaVirtualMachines/jdk1.8.0_131.jdk/Contents/Home/jre/lib/jfr.jar:/Library/Java/JavaVirtualMachines/jdk1.8.0_131.jdk/Contents/Home/jre/classes, java.vendor=Oracle Corporation, localRepository=/Users/apple/Desktop/JAVA/respository, file.separator=/, java.vendor.url.bug=http://bugreport.sun.com/bugreport/, sun.io.unicode.encoding=UnicodeBig, sun.cpu.endian=little, sun.cpu.isalist=}}, SystemEnvironmentPropertySource@1800890735 {name='systemEnvironment', properties={PATH=/usr/local/bin:/usr/bin:/bin:/usr/sbin:/sbin:/Users/apple/Desktop/JAVA/apache-ant-1.9.6/bin:/Users/apple/Desktop/JAVA/apache-maven-3.5.0/bin:/Library/Java/JavaVirtualMachines/jdk1.8.0_131.jdk/Contents/Home/bin:/Users/apple/tibco/tibrv/8.4/bin, SHELL=/bin/bash, JAVA_MAIN_CLASS_5543=org.apache.maven.surefire.booter.ForkedBooter, JAVA_HOME=/Library/Java/JavaVirtualMachines/jdk1.8.0_131.jdk/Contents/Home, OLDPWD=/Users/apple/Documents/newbiest/newbiest-common-actuator, VERSIONER_PYTHON_PREFER_32_BIT=no, USER=guoxunbo, TMPDIR=/var/folders/_3/m2vvcvls5mxf7l9cdbyjckv40000gn/T/, SSH_AUTH_SOCK=/private/tmp/com.apple.launchd.F09WaNrB2w/Listeners, ANT_HOME=/Users/apple/Desktop/JAVA/apache-ant-1.9.6, XPC_FLAGS=0x0, MAVEN_HOME=/Users/apple/Desktop/JAVA/apache-maven-3.5.0, VERSIONER_PYTHON_VERSION=2.7, JAVA_MAIN_CLASS_5536=org.codehaus.classworlds.Launcher, __CF_USER_TEXT_ENCODING=0x1F5:0x19:0x34, Apple_PubSub_Socket_Render=/private/tmp/com.apple.launchd.2qpkyGKBlk/Render, LOGNAME=guoxunbo, SHLIB_PATH=/Users/apple/tibco/tibrv/8.4/lib, LC_CTYPE=zh_CN.UTF-8, XPC_SERVICE_NAME=0, PWD=/Users/apple/Documents/newbiest/newbiest-common-actuator, HOME=/Users/apple, SHLVL=1, _=/Library/Java/JavaVirtualMachines/jdk1.8.0_131.jdk/Contents/Home/jre/bin/java}}]
12:01:20.969 [main] DEBUG org.springframework.core.io.support.PathMatchingResourcePatternResolver - Resolved classpath location [com/newbiest/] to resources [URL [file:/Users/apple/Documents/newbiest/newbiest-common-actuator/target/test-classes/com/newbiest/], URL [file:/Users/apple/Documents/newbiest/newbiest-common-actuator/target/classes/com/newbiest/]]
12:01:20.970 [main] DEBUG org.springframework.core.io.support.PathMatchingResourcePatternResolver - Looking for matching resources in directory tree [/Users/apple/Documents/newbiest/newbiest-common-actuator/target/test-classes/com/newbiest]
12:01:20.970 [main] DEBUG org.springframework.core.io.support.PathMatchingResourcePatternResolver - Searching directory [/Users/apple/Documents/newbiest/newbiest-common-actuator/target/test-classes/com/newbiest] for files matching pattern [/Users/apple/Documents/newbiest/newbiest-common-actuator/target/test-classes/com/newbiest/*.class]
12:01:20.971 [main] DEBUG org.springframework.core.io.support.PathMatchingResourcePatternResolver - Looking for matching resources in directory tree [/Users/apple/Documents/newbiest/newbiest-common-actuator/target/classes/com/newbiest]
12:01:20.971 [main] DEBUG org.springframework.core.io.support.PathMatchingResourcePatternResolver - Searching directory [/Users/apple/Documents/newbiest/newbiest-common-actuator/target/classes/com/newbiest] for files matching pattern [/Users/apple/Documents/newbiest/newbiest-common-actuator/target/classes/com/newbiest/*.class]
12:01:20.971 [main] DEBUG org.springframework.core.io.support.PathMatchingResourcePatternResolver - Resolved location pattern [classpath*:com/newbiest/*.class] to resources [file [/Users/apple/Documents/newbiest/newbiest-common-actuator/target/test-classes/com/newbiest/CommonActuatorApplicationTests.class]]
12:01:20.973 [main] DEBUG org.springframework.core.io.support.PathMatchingResourcePatternResolver - Resolved classpath location [com/] to resources [URL [jar:file:/System/Library/Java/Extensions/MRJToolkit.jar!/com/], URL [file:/Users/apple/Documents/newbiest/newbiest-common-actuator/target/test-classes/com/], URL [file:/Users/apple/Documents/newbiest/newbiest-common-actuator/target/classes/com/], URL [jar:file:/Users/apple/Desktop/JAVA/respository/com/fasterxml/jackson/core/jackson-databind/2.8.10/jackson-databind-2.8.10.jar!/com/], URL [jar:file:/Users/apple/Desktop/JAVA/respository/com/fasterxml/jackson/core/jackson-annotations/2.8.0/jackson-annotations-2.8.0.jar!/com/], URL [jar:file:/Users/apple/Desktop/JAVA/respository/com/fasterxml/jackson/core/jackson-core/2.8.10/jackson-core-2.8.10.jar!/com/], URL [jar:file:/Users/apple/Desktop/JAVA/respository/com/jayway/jsonpath/json-path/2.2.0/json-path-2.2.0.jar!/com/], URL [jar:file:/Users/apple/Desktop/JAVA/respository/com/google/guava/guava/23.0/guava-23.0.jar!/com/], URL [jar:file:/Users/apple/Desktop/JAVA/respository/com/google/errorprone/error_prone_annotations/2.0.18/error_prone_annotations-2.0.18.jar!/com/], URL [jar:file:/Users/apple/Desktop/JAVA/respository/com/google/j2objc/j2objc-annotations/1.1/j2objc-annotations-1.1.jar!/com/]]
12:01:20.973 [main] DEBUG org.springframework.core.io.support.PathMatchingResourcePatternResolver - Looking for matching resources in jar file [file:/System/Library/Java/Extensions/MRJToolkit.jar]
12:01:20.973 [main] DEBUG org.springframework.core.io.support.PathMatchingResourcePatternResolver - Looking for matching resources in directory tree [/Users/apple/Documents/newbiest/newbiest-common-actuator/target/test-classes/com]
12:01:20.974 [main] DEBUG org.springframework.core.io.support.PathMatchingResourcePatternResolver - Searching directory [/Users/apple/Documents/newbiest/newbiest-common-actuator/target/test-classes/com] for files matching pattern [/Users/apple/Documents/newbiest/newbiest-common-actuator/target/test-classes/com/*.class]
12:01:20.974 [main] DEBUG org.springframework.core.io.support.PathMatchingResourcePatternResolver - Looking for matching resources in directory tree [/Users/apple/Documents/newbiest/newbiest-common-actuator/target/classes/com]
12:01:20.974 [main] DEBUG org.springframework.core.io.support.PathMatchingResourcePatternResolver - Searching directory [/Users/apple/Documents/newbiest/newbiest-common-actuator/target/classes/com] for files matching pattern [/Users/apple/Documents/newbiest/newbiest-common-actuator/target/classes/com/*.class]
12:01:20.975 [main] DEBUG org.springframework.core.io.support.PathMatchingResourcePatternResolver - Looking for matching resources in jar file [file:/Users/apple/Desktop/JAVA/respository/com/fasterxml/jackson/core/jackson-databind/2.8.10/jackson-databind-2.8.10.jar]
12:01:20.978 [main] DEBUG org.springframework.core.io.support.PathMatchingResourcePatternResolver - Looking for matching resources in jar file [file:/Users/apple/Desktop/JAVA/respository/com/fasterxml/jackson/core/jackson-annotations/2.8.0/jackson-annotations-2.8.0.jar]
12:01:20.979 [main] DEBUG org.springframework.core.io.support.PathMatchingResourcePatternResolver - Looking for matching resources in jar file [file:/Users/apple/Desktop/JAVA/respository/com/fasterxml/jackson/core/jackson-core/2.8.10/jackson-core-2.8.10.jar]
12:01:20.979 [main] DEBUG org.springframework.core.io.support.PathMatchingResourcePatternResolver - Looking for matching resources in jar file [file:/Users/apple/Desktop/JAVA/respository/com/jayway/jsonpath/json-path/2.2.0/json-path-2.2.0.jar]
12:01:20.980 [main] DEBUG org.springframework.core.io.support.PathMatchingResourcePatternResolver - Looking for matching resources in jar file [file:/Users/apple/Desktop/JAVA/respository/com/google/guava/guava/23.0/guava-23.0.jar]
12:01:20.987 [main] DEBUG org.springframework.core.io.support.PathMatchingResourcePatternResolver - Looking for matching resources in jar file [file:/Users/apple/Desktop/JAVA/respository/com/google/errorprone/error_prone_annotations/2.0.18/error_prone_annotations-2.0.18.jar]
12:01:20.987 [main] DEBUG org.springframework.core.io.support.PathMatchingResourcePatternResolver - Looking for matching resources in jar file [file:/Users/apple/Desktop/JAVA/respository/com/google/j2objc/j2objc-annotations/1.1/j2objc-annotations-1.1.jar]
12:01:20.987 [main] DEBUG org.springframework.core.io.support.PathMatchingResourcePatternResolver - Resolved location pattern [classpath*:com/*.class] to resources []
]]></system-out>
  </testcase>
</testsuite>